[09-Sep-2022 13:20:36 Europe/Berlin] PHP Warning:  mysqli_connect(): (HY000/1049): Unknown database 'wellness' in C:\xampp\htdocs\Wellness-app-master\wellness\server.php on line 15
[09-Sep-2022 14:14:37 Europe/Berlin] diet
[10-Sep-2022 05:45:57 Europe/Berlin] PHP Notice:  Undefined variable: pdo in C:\xampp\htdocs\Wellness-app-master\wellness\exercise-library.php on line 80
[10-Sep-2022 05:45:57 Europe/Berlin] PHP Notice:  session_start(): A session had already been started - ignoring in C:\xampp\htdocs\Wellness-app-master\wellness\exercises.php on line 5
[10-Sep-2022 05:45:57 Europe/Berlin] PHP Fatal error:  Uncaught Error: Call to a member function prepare() on null in C:\xampp\htdocs\Wellness-app-master\wellness\exercises.php:17
Stack trace:
#0 C:\xampp\htdocs\Wellness-app-master\wellness\exercise-library.php(80): displayExerciseCards(NULL)
#1 {main}
  thrown in C:\xampp\htdocs\Wellness-app-master\wellness\exercises.php on line 17
[10-Sep-2022 05:46:08 Europe/Berlin] PHP Notice:  Undefined variable: pdo in C:\xampp\htdocs\Wellness-app-master\wellness\exercise-library.php on line 80
[10-Sep-2022 05:46:08 Europe/Berlin] PHP Notice:  session_start(): A session had already been started - ignoring in C:\xampp\htdocs\Wellness-app-master\wellness\exercises.php on line 5
[10-Sep-2022 05:46:08 Europe/Berlin] PHP Fatal error:  Uncaught Error: Call to a member function prepare() on null in C:\xampp\htdocs\Wellness-app-master\wellness\exercises.php:17
Stack trace:
#0 C:\xampp\htdocs\Wellness-app-master\wellness\exercise-library.php(80): displayExerciseCards(NULL)
#1 {main}
  thrown in C:\xampp\htdocs\Wellness-app-master\wellness\exercises.php on line 17
[10-Sep-2022 05:46:18 Europe/Berlin] PHP Notice:  Undefined variable: pdo in C:\xampp\htdocs\Wellness-app-master\wellness\exercise-library.php on line 80
[10-Sep-2022 05:46:18 Europe/Berlin] PHP Notice:  session_start(): A session had already been started - ignoring in C:\xampp\htdocs\Wellness-app-master\wellness\exercises.php on line 5
[10-Sep-2022 05:46:18 Europe/Berlin] PHP Fatal error:  Uncaught Error: Call to a member function prepare() on null in C:\xampp\htdocs\Wellness-app-master\wellness\exercises.php:17
Stack trace:
#0 C:\xampp\htdocs\Wellness-app-master\wellness\exercise-library.php(80): displayExerciseCards(NULL)
#1 {main}
  thrown in C:\xampp\htdocs\Wellness-app-master\wellness\exercises.php on line 17
[10-Sep-2022 06:01:16 Europe/Berlin] PHP Notice:  Undefined index: enteredDate in C:\xampp\htdocs\Wellness-app-master\wellness\addFood.php on line 110
[10-Sep-2022 06:01:16 Europe/Berlin] PHP Notice:  Undefined index: totalCalories in C:\xampp\htdocs\Wellness-app-master\wellness\addFood.php on line 124
[10-Sep-2022 06:01:16 Europe/Berlin] PHP Notice:  Undefined index: gramsProtein in C:\xampp\htdocs\Wellness-app-master\wellness\addFood.php on line 125
[10-Sep-2022 06:01:16 Europe/Berlin] PHP Notice:  Undefined index: gramsFat in C:\xampp\htdocs\Wellness-app-master\wellness\addFood.php on line 126
[10-Sep-2022 06:01:16 Europe/Berlin] PHP Notice:  Undefined index: gramsCarbs in C:\xampp\htdocs\Wellness-app-master\wellness\addFood.php on line 127
[10-Sep-2022 07:44:27 Europe/Berlin] PHP Warning:  A non-numeric value encountered in C:\xampp\htdocs\Wellness-app-master\wellness\server.php on line 497
[10-Sep-2022 07:44:27 Europe/Berlin] PHP Warning:  Division by zero in C:\xampp\htdocs\Wellness-app-master\wellness\server.php on line 528
[10-Sep-2022 07:44:27 Europe/Berlin] PHP Warning:  A non-numeric value encountered in C:\xampp\htdocs\Wellness-app-master\wellness\server.php on line 618
[12-Oct-2022 16:41:18 Europe/Berlin] PHP Warning:  include(exerciseGenerator.php): failed to open stream: No such file or directory in C:\xampp\htdocs\dasd\wellness\fitnessTrack.php on line 133
[12-Oct-2022 16:41:18 Europe/Berlin] PHP Warning:  include(): Failed opening 'exerciseGenerator.php' for inclusion (include_path='C:\xampp\php\PEAR') in C:\xampp\htdocs\dasd\wellness\fitnessTrack.php on line 133
[12-Oct-2022 16:41:35 Europe/Berlin] PHP Warning:  include(exerciseGenerator.php): failed to open stream: No such file or directory in C:\xampp\htdocs\dasd\wellness\fitnessTrack.php on line 133
[12-Oct-2022 16:41:35 Europe/Berlin] PHP Warning:  include(): Failed opening 'exerciseGenerator.php' for inclusion (include_path='C:\xampp\php\PEAR') in C:\xampp\htdocs\dasd\wellness\fitnessTrack.php on line 133
[12-Oct-2022 16:41:41 Europe/Berlin] PHP Warning:  include(exerciseGenerator.php): failed to open stream: No such file or directory in C:\xampp\htdocs\dasd\wellness\fitnessTrack.php on line 133
[12-Oct-2022 16:41:41 Europe/Berlin] PHP Warning:  include(): Failed opening 'exerciseGenerator.php' for inclusion (include_path='C:\xampp\php\PEAR') in C:\xampp\htdocs\dasd\wellness\fitnessTrack.php on line 133
[11-Nov-2022 10:34:06 Europe/Berlin] PHP Warning:  mysqli_connect(): (HY000/2002): No connection could be made because the target machine actively refused it.
 in C:\xampp\htdocs\mainprojectfitnesstracker\wellness\server.php on line 15
[18-Feb-2023 09:26:03 Europe/Berlin] PHP Warning:  mysqli_connect(): (HY000/2002): No connection could be made because the target machine actively refused it.
 in C:\xampp\htdocs\newestmainproject\wellness\server.php on line 15
[20-Feb-2023 07:02:25 Europe/Berlin] PHP Warning:  mysqli_connect(): (HY000/2002): No connection could be made because the target machine actively refused it.
 in C:\xampp\htdocs\wellness\server.php on line 15
[20-Feb-2023 07:02:40 Europe/Berlin] PHP Warning:  mysqli_connect(): (HY000/2002): No connection could be made because the target machine actively refused it.
 in C:\xampp\htdocs\wellness\server.php on line 15
[20-Feb-2023 07:02:53 Europe/Berlin] PHP Warning:  mysqli_connect(): (HY000/2002): No connection could be made because the target machine actively refused it.
 in C:\xampp\htdocs\wellness\server.php on line 15
[20-Feb-2023 07:04:08 Europe/Berlin] PHP Warning:  mysqli_connect(): (HY000/2002): No connection could be made because the target machine actively refused it.
 in C:\xampp\htdocs\wellness\server.php on line 15
[20-Feb-2023 07:04:16 Europe/Berlin] PHP Warning:  mysqli_connect(): (HY000/2002): No connection could be made because the target machine actively refused it.
 in C:\xampp\htdocs\wellness\server.php on line 15
[20-Feb-2023 07:05:13 Europe/Berlin] PHP Warning:  mysqli_connect(): (HY000/2002): No connection could be made because the target machine actively refused it.
 in C:\xampp\htdocs\wellness\server.php on line 15
[20-Feb-2023 07:08:06 Europe/Berlin] PHP Warning:  mysqli_connect(): (HY000/2002): No connection could be made because the target machine actively refused it.
 in C:\xampp\htdocs\wellness\server.php on line 15
[20-Feb-2023 07:08:40 Europe/Berlin] PHP Warning:  mysqli_connect(): (HY000/2002): No connection could be made because the target machine actively refused it.
 in C:\xampp\htdocs\wellness\server.php on line 15
[20-Feb-2023 07:08:48 Europe/Berlin] PHP Warning:  mysqli_connect(): (HY000/2002): No connection could be made because the target machine actively refused it.
 in C:\xampp\htdocs\wellness\server.php on line 15
[20-Feb-2023 07:12:02 Europe/Berlin] PHP Warning:  mysqli_connect(): (HY000/2002): No connection could be made because the target machine actively refused it.
 in C:\xampp\htdocs\wellness\server.php on line 15
[20-Feb-2023 07:12:09 Europe/Berlin] PHP Warning:  mysqli_connect(): (HY000/2002): No connection could be made because the target machine actively refused it.
 in C:\xampp\htdocs\wellness\server.php on line 15
[20-Feb-2023 07:12:14 Europe/Berlin] PHP Warning:  mysqli_connect(): (HY000/2002): No connection could be made because the target machine actively refused it.
 in C:\xampp\htdocs\wellness\server.php on line 15
[20-Feb-2023 07:12:39 Europe/Berlin] PHP Warning:  mysqli_connect(): (HY000/2002): No connection could be made because the target machine actively refused it.
 in C:\xampp\htdocs\wellness\server.php on line 15
[20-Feb-2023 07:16:55 Europe/Berlin] PHP Warning:  mysqli_connect(): (HY000/2002): No connection could be made because the target machine actively refused it.
 in C:\xampp\htdocs\wellness\server.php on line 15
[20-Feb-2023 07:17:18 Europe/Berlin] PHP Warning:  mysqli_connect(): (HY000/2002): No connection could be made because the target machine actively refused it.
 in C:\xampp\htdocs\wellness\server.php on line 15
[20-Feb-2023 07:17:51 Europe/Berlin] PHP Warning:  mysqli_connect(): (HY000/2002): No connection could be made because the target machine actively refused it.
 in C:\xampp\htdocs\wellness\server.php on line 15
[20-Feb-2023 07:19:55 Europe/Berlin] PHP Warning:  mysqli_connect(): (HY000/2002): No connection could be made because the target machine actively refused it.
 in C:\xampp\htdocs\wellness\server.php on line 15
[20-Feb-2023 07:20:31 Europe/Berlin] PHP Warning:  mysqli_connect(): (HY000/2002): No connection could be made because the target machine actively refused it.
 in C:\xampp\htdocs\wellness\server.php on line 15
[20-Feb-2023 07:21:36 Europe/Berlin] PHP Warning:  mysqli_connect(): (HY000/2002): No connection could be made because the target machine actively refused it.
 in C:\xampp\htdocs\wellness\server.php on line 15
[20-Feb-2023 07:21:49 Europe/Berlin] PHP Warning:  mysqli_connect(): (HY000/2002): No connection could be made because the target machine actively refused it.
 in C:\xampp\htdocs\wellness\server.php on line 15
[20-Feb-2023 07:22:37 Europe/Berlin] PHP Warning:  mysqli_connect(): (HY000/2002): No connection could be made because the target machine actively refused it.
 in C:\xampp\htdocs\wellness\server.php on line 15
[20-Feb-2023 07:42:00 Europe/Berlin] PHP Warning:  mysqli_connect(): (HY000/2002): No connection could be made because the target machine actively refused it.
 in C:\xampp\htdocs\wellness\server.php on line 15
[20-Feb-2023 07:42:33 Europe/Berlin] PHP Warning:  mysqli_connect(): (HY000/2002): No connection could be made because the target machine actively refused it.
 in C:\xampp\htdocs\wellness\server.php on line 15
[20-Feb-2023 07:42:55 Europe/Berlin] PHP Warning:  mysqli_connect(): (HY000/2002): No connection could be made because the target machine actively refused it.
 in C:\xampp\htdocs\wellness\server.php on line 15
[20-Feb-2023 07:43:46 Europe/Berlin] PHP Warning:  mysqli_connect(): (HY000/2002): No connection could be made because the target machine actively refused it.
 in C:\xampp\htdocs\wellness\server.php on line 15
[20-Feb-2023 07:47:28 Europe/Berlin] PHP Warning:  mysqli_connect(): (HY000/2002): No connection could be made because the target machine actively refused it.
 in C:\xampp\htdocs\wellness\server.php on line 15
[20-Feb-2023 07:48:08 Europe/Berlin] PHP Warning:  mysqli_connect(): (HY000/2002): No connection could be made because the target machine actively refused it.
 in C:\xampp\htdocs\wellness\server.php on line 15
[20-Feb-2023 07:50:10 Europe/Berlin] PHP Warning:  mysqli_connect(): (HY000/2002): No connection could be made because the target machine actively refused it.
 in C:\xampp\htdocs\wellness\server.php on line 15
[20-Feb-2023 07:50:46 Europe/Berlin] PHP Warning:  mysqli_connect(): (HY000/2002): No connection could be made because the target machine actively refused it.
 in C:\xampp\htdocs\wellness\server.php on line 15
[20-Feb-2023 07:51:20 Europe/Berlin] PHP Warning:  mysqli_connect(): (HY000/2002): No connection could be made because the target machine actively refused it.
 in C:\xampp\htdocs\wellness\server.php on line 15
[20-Feb-2023 07:52:45 Europe/Berlin] PHP Warning:  mysqli_connect(): (HY000/2002): No connection could be made because the target machine actively refused it.
 in C:\xampp\htdocs\wellness\server.php on line 15
[20-Feb-2023 07:54:40 Europe/Berlin] PHP Warning:  mysqli_connect(): (HY000/2002): No connection could be made because the target machine actively refused it.
 in C:\xampp\htdocs\wellness\server.php on line 15
[20-Feb-2023 07:57:36 Europe/Berlin] PHP Warning:  mysqli_connect(): (HY000/2002): No connection could be made because the target machine actively refused it.
 in C:\xampp\htdocs\wellness\server.php on line 15
[20-Feb-2023 07:57:51 Europe/Berlin] PHP Warning:  mysqli_connect(): (HY000/2002): No connection could be made because the target machine actively refused it.
 in C:\xampp\htdocs\wellness\server.php on line 15
[20-Feb-2023 08:00:06 Europe/Berlin] PHP Warning:  mysqli_connect(): (HY000/2002): No connection could be made because the target machine actively refused it.
 in C:\xampp\htdocs\wellness\server.php on line 15
[20-Feb-2023 08:00:31 Europe/Berlin] PHP Warning:  mysqli_connect(): (HY000/2002): No connection could be made because the target machine actively refused it.
 in C:\xampp\htdocs\wellness\server.php on line 15
[20-Feb-2023 08:03:30 Europe/Berlin] PHP Warning:  mysqli_connect(): (HY000/2002): No connection could be made because the target machine actively refused it.
 in C:\xampp\htdocs\wellness\server.php on line 15
[20-Feb-2023 08:04:59 Europe/Berlin] PHP Warning:  mysqli_connect(): (HY000/2002): No connection could be made because the target machine actively refused it.
 in C:\xampp\htdocs\wellness\server.php on line 15
[20-Feb-2023 08:05:28 Europe/Berlin] PHP Warning:  mysqli_connect(): (HY000/2002): No connection could be made because the target machine actively refused it.
 in C:\xampp\htdocs\wellness\server.php on line 15
[20-Feb-2023 08:16:40 Europe/Berlin] PHP Warning:  mysqli_connect(): (HY000/2002): No connection could be made because the target machine actively refused it.
 in C:\xampp\htdocs\wellness\server.php on line 15
[20-Feb-2023 08:17:59 Europe/Berlin] PHP Warning:  mysqli_connect(): (HY000/2002): No connection could be made because the target machine actively refused it.
 in C:\xampp\htdocs\wellness\server.php on line 15
[20-Feb-2023 08:20:37 Europe/Berlin] PHP Warning:  mysqli_connect(): (HY000/2002): No connection could be made because the target machine actively refused it.
 in C:\xampp\htdocs\wellness\server.php on line 15
[20-Feb-2023 08:21:50 Europe/Berlin] PHP Warning:  mysqli_connect(): (HY000/2002): No connection could be made because the target machine actively refused it.
 in C:\xampp\htdocs\wellness\server.php on line 15
[20-Feb-2023 08:22:07 Europe/Berlin] PHP Warning:  mysqli_connect(): (HY000/2002): No connection could be made because the target machine actively refused it.
 in C:\xampp\htdocs\wellness\server.php on line 15
[20-Feb-2023 08:22:13 Europe/Berlin] PHP Warning:  mysqli_connect(): (HY000/2002): No connection could be made because the target machine actively refused it.
 in C:\xampp\htdocs\wellness\server.php on line 15
[20-Feb-2023 08:23:33 Europe/Berlin] PHP Warning:  mysqli_connect(): (HY000/2002): No connection could be made because the target machine actively refused it.
 in C:\xampp\htdocs\wellness\server.php on line 15
[20-Feb-2023 08:24:46 Europe/Berlin] PHP Warning:  mysqli_connect(): (HY000/2002): No connection could be made because the target machine actively refused it.
 in C:\xampp\htdocs\wellness\server.php on line 15
[20-Feb-2023 08:25:03 Europe/Berlin] PHP Warning:  mysqli_connect(): (HY000/2002): No connection could be made because the target machine actively refused it.
 in C:\xampp\htdocs\wellness\server.php on line 15
[20-Feb-2023 08:25:39 Europe/Berlin] PHP Warning:  mysqli_connect(): (HY000/2002): No connection could be made because the target machine actively refused it.
 in C:\xampp\htdocs\wellness\server.php on line 15
[20-Feb-2023 08:25:54 Europe/Berlin] PHP Warning:  mysqli_connect(): (HY000/2002): No connection could be made because the target machine actively refused it.
 in C:\xampp\htdocs\wellness\server.php on line 15
[20-Feb-2023 08:26:10 Europe/Berlin] PHP Warning:  mysqli_connect(): (HY000/2002): No connection could be made because the target machine actively refused it.
 in C:\xampp\htdocs\wellness\server.php on line 15
[20-Feb-2023 08:26:24 Europe/Berlin] PHP Warning:  mysqli_connect(): (HY000/2002): No connection could be made because the target machine actively refused it.
 in C:\xampp\htdocs\wellness\server.php on line 15
[20-Feb-2023 08:30:43 Europe/Berlin] PHP Warning:  mysqli_connect(): (HY000/2002): No connection could be made because the target machine actively refused it.
 in C:\xampp\htdocs\wellness\server.php on line 15
[20-Feb-2023 08:30:47 Europe/Berlin] PHP Warning:  mysqli_connect(): (HY000/2002): No connection could be made because the target machine actively refused it.
 in C:\xampp\htdocs\wellness\newsfeed.php on line 190
[20-Feb-2023 08:30:51 Europe/Berlin] PHP Warning:  mysqli_connect(): (HY000/2002): No connection could be made because the target machine actively refused it.
 in C:\xampp\htdocs\wellness\newsfeed.php on line 259
[20-Feb-2023 08:30:51 Europe/Berlin] PHP Fatal error:  Uncaught Error: Call to undefined function mysql_error() in C:\xampp\htdocs\wellness\newsfeed.php:264
Stack trace:
#0 {main}
  thrown in C:\xampp\htdocs\wellness\newsfeed.php on line 264
[20-Feb-2023 08:39:31 Europe/Berlin] PHP Warning:  mysqli_connect(): (HY000/2002): No connection could be made because the target machine actively refused it.
 in C:\xampp\htdocs\wellness\server.php on line 15
[20-Feb-2023 08:39:35 Europe/Berlin] PHP Warning:  mysqli_connect(): (HY000/2002): No connection could be made because the target machine actively refused it.
 in C:\xampp\htdocs\wellness\newsfeed.php on line 191
[20-Feb-2023 08:39:39 Europe/Berlin] PHP Warning:  mysqli_connect(): (HY000/2002): No connection could be made because the target machine actively refused it.
 in C:\xampp\htdocs\wellness\newsfeed.php on line 260
[20-Feb-2023 08:39:39 Europe/Berlin] PHP Fatal error:  Uncaught Error: Call to undefined function mysql_error() in C:\xampp\htdocs\wellness\newsfeed.php:265
Stack trace:
#0 {main}
  thrown in C:\xampp\htdocs\wellness\newsfeed.php on line 265
[20-Feb-2023 08:41:02 Europe/Berlin] PHP Warning:  mysqli_connect(): (HY000/2002): No connection could be made because the target machine actively refused it.
 in C:\xampp\htdocs\wellness\server.php on line 15
[20-Feb-2023 08:41:06 Europe/Berlin] PHP Warning:  mysqli_connect(): (HY000/2002): No connection could be made because the target machine actively refused it.
 in C:\xampp\htdocs\wellness\newsfeed.php on line 192
[20-Feb-2023 08:41:10 Europe/Berlin] PHP Warning:  mysqli_connect(): (HY000/2002): No connection could be made because the target machine actively refused it.
 in C:\xampp\htdocs\wellness\newsfeed.php on line 261
[20-Feb-2023 08:41:10 Europe/Berlin] PHP Fatal error:  Uncaught Error: Call to undefined function mysql_error() in C:\xampp\htdocs\wellness\newsfeed.php:266
Stack trace:
#0 {main}
  thrown in C:\xampp\htdocs\wellness\newsfeed.php on line 266
[20-Feb-2023 08:41:47 Europe/Berlin] PHP Warning:  mysqli_connect(): (HY000/2002): No connection could be made because the target machine actively refused it.
 in C:\xampp\htdocs\wellness\server.php on line 15
[20-Feb-2023 08:41:51 Europe/Berlin] PHP Warning:  mysqli_connect(): (HY000/2002): No connection could be made because the target machine actively refused it.
 in C:\xampp\htdocs\wellness\newsfeed.php on line 193
[20-Feb-2023 08:41:55 Europe/Berlin] PHP Warning:  mysqli_connect(): (HY000/2002): No connection could be made because the target machine actively refused it.
 in C:\xampp\htdocs\wellness\newsfeed.php on line 262
[20-Feb-2023 08:41:55 Europe/Berlin] PHP Fatal error:  Uncaught Error: Call to undefined function mysql_error() in C:\xampp\htdocs\wellness\newsfeed.php:267
Stack trace:
#0 {main}
  thrown in C:\xampp\htdocs\wellness\newsfeed.php on line 267
[20-Feb-2023 08:42:03 Europe/Berlin] PHP Warning:  mysqli_connect(): (HY000/2002): No connection could be made because the target machine actively refused it.
 in C:\xampp\htdocs\wellness\server.php on line 15
[20-Feb-2023 08:43:52 Europe/Berlin] PHP Warning:  mysqli_connect(): (HY000/2002): No connection could be made because the target machine actively refused it.
 in C:\xampp\htdocs\wellness\server.php on line 15
[20-Feb-2023 08:44:11 Europe/Berlin] PHP Warning:  mysqli_connect(): (HY000/2002): No connection could be made because the target machine actively refused it.
 in C:\xampp\htdocs\wellness\server.php on line 15
[20-Feb-2023 08:45:10 Europe/Berlin] PHP Warning:  mysqli_connect(): (HY000/2002): No connection could be made because the target machine actively refused it.
 in C:\xampp\htdocs\wellness\server.php on line 15
[20-Feb-2023 08:45:49 Europe/Berlin] PHP Warning:  mysqli_connect(): (HY000/2002): No connection could be made because the target machine actively refused it.
 in C:\xampp\htdocs\wellness\server.php on line 15
[20-Feb-2023 08:46:01 Europe/Berlin] PHP Warning:  mysqli_connect(): (HY000/2002): No connection could be made because the target machine actively refused it.
 in C:\xampp\htdocs\wellness\server.php on line 15
[20-Feb-2023 08:46:36 Europe/Berlin] PHP Warning:  mysqli_connect(): (HY000/2002): No connection could be made because the target machine actively refused it.
 in C:\xampp\htdocs\wellness\server.php on line 15
[20-Feb-2023 08:47:37 Europe/Berlin] PHP Warning:  mysqli_connect(): (HY000/2002): No connection could be made because the target machine actively refused it.
 in C:\xampp\htdocs\wellness\server.php on line 15
[20-Feb-2023 08:47:58 Europe/Berlin] PHP Warning:  mysqli_connect(): (HY000/2002): No connection could be made because the target machine actively refused it.
 in C:\xampp\htdocs\wellness\server.php on line 15
[20-Feb-2023 08:48:23 Europe/Berlin] PHP Warning:  mysqli_connect(): (HY000/2002): No connection could be made because the target machine actively refused it.
 in C:\xampp\htdocs\wellness\server.php on line 15
[20-Feb-2023 08:48:39 Europe/Berlin] PHP Warning:  mysqli_connect(): (HY000/2002): No connection could be made because the target machine actively refused it.
 in C:\xampp\htdocs\wellness\server.php on line 15
[20-Feb-2023 08:49:34 Europe/Berlin] PHP Warning:  mysqli_connect(): (HY000/2002): No connection could be made because the target machine actively refused it.
 in C:\xampp\htdocs\wellness\server.php on line 15
[20-Feb-2023 08:51:16 Europe/Berlin] PHP Warning:  mysqli_connect(): (HY000/2002): No connection could be made because the target machine actively refused it.
 in C:\xampp\htdocs\wellness\server.php on line 15
[20-Feb-2023 09:05:54 Europe/Berlin] PHP Warning:  mysqli_connect(): (HY000/2002): No connection could be made because the target machine actively refused it.
 in C:\xampp\htdocs\wellness\server.php on line 15
[20-Feb-2023 09:06:51 Europe/Berlin] PHP Warning:  mysqli_connect(): (HY000/2002): No connection could be made because the target machine actively refused it.
 in C:\xampp\htdocs\wellness\server.php on line 15
[20-Feb-2023 09:07:05 Europe/Berlin] PHP Warning:  mysqli_connect(): (HY000/2002): No connection could be made because the target machine actively refused it.
 in C:\xampp\htdocs\wellness\server.php on line 15
[20-Feb-2023 09:07:12 Europe/Berlin] PHP Warning:  mysqli_connect(): (HY000/2002): No connection could be made because the target machine actively refused it.
 in C:\xampp\htdocs\wellness\server.php on line 15
[20-Feb-2023 09:19:04 Europe/Berlin] PHP Warning:  mysqli_connect(): (HY000/2002): No connection could be made because the target machine actively refused it.
 in C:\xampp\htdocs\wellness\server.php on line 15
[20-Feb-2023 09:19:07 Europe/Berlin] PHP Warning:  mysqli_connect(): (HY000/2002): No connection could be made because the target machine actively refused it.
 in C:\xampp\htdocs\wellness\server.php on line 15
[20-Feb-2023 09:19:14 Europe/Berlin] PHP Warning:  mysqli_connect(): (HY000/2002): No connection could be made because the target machine actively refused it.
 in C:\xampp\htdocs\wellness\server.php on line 15
[20-Feb-2023 09:19:24 Europe/Berlin] PHP Warning:  mysqli_connect(): (HY000/2002): No connection could be made because the target machine actively refused it.
 in C:\xampp\htdocs\wellness\server.php on line 15
[20-Feb-2023 09:19:29 Europe/Berlin] PHP Warning:  mysqli_connect(): (HY000/2002): No connection could be made because the target machine actively refused it.
 in C:\xampp\htdocs\wellness\newsfeed.php on line 193
[20-Feb-2023 09:19:33 Europe/Berlin] PHP Warning:  mysqli_connect(): (HY000/2002): No connection could be made because the target machine actively refused it.
 in C:\xampp\htdocs\wellness\newsfeed.php on line 262
[20-Feb-2023 09:19:33 Europe/Berlin] PHP Fatal error:  Uncaught Error: Call to undefined function mysql_error() in C:\xampp\htdocs\wellness\newsfeed.php:267
Stack trace:
#0 {main}
  thrown in C:\xampp\htdocs\wellness\newsfeed.php on line 267
[20-Feb-2023 09:20:00 Europe/Berlin] PHP Warning:  mysqli_connect(): (HY000/2002): No connection could be made because the target machine actively refused it.
 in C:\xampp\htdocs\wellness\server.php on line 15
[20-Feb-2023 09:20:04 Europe/Berlin] PHP Warning:  mysqli_connect(): (HY000/2002): No connection could be made because the target machine actively refused it.
 in C:\xampp\htdocs\wellness\newsfeed.php on line 195
[20-Feb-2023 09:20:08 Europe/Berlin] PHP Warning:  mysqli_connect(): (HY000/2002): No connection could be made because the target machine actively refused it.
 in C:\xampp\htdocs\wellness\newsfeed.php on line 264
[20-Feb-2023 09:20:08 Europe/Berlin] PHP Fatal error:  Uncaught Error: Call to undefined function mysql_error() in C:\xampp\htdocs\wellness\newsfeed.php:269
Stack trace:
#0 {main}
  thrown in C:\xampp\htdocs\wellness\newsfeed.php on line 269
[20-Feb-2023 09:20:15 Europe/Berlin] PHP Warning:  mysqli_connect(): (HY000/2002): No connection could be made because the target machine actively refused it.
 in C:\xampp\htdocs\wellness\server.php on line 15
[20-Feb-2023 09:20:19 Europe/Berlin] PHP Warning:  mysqli_connect(): (HY000/2002): No connection could be made because the target machine actively refused it.
 in C:\xampp\htdocs\wellness\newsfeed.php on line 195
[20-Feb-2023 09:20:23 Europe/Berlin] PHP Warning:  mysqli_connect(): (HY000/2002): No connection could be made because the target machine actively refused it.
 in C:\xampp\htdocs\wellness\newsfeed.php on line 264
[20-Feb-2023 09:20:23 Europe/Berlin] PHP Fatal error:  Uncaught Error: Call to undefined function mysql_error() in C:\xampp\htdocs\wellness\newsfeed.php:269
Stack trace:
#0 {main}
  thrown in C:\xampp\htdocs\wellness\newsfeed.php on line 269
[20-Feb-2023 09:21:04 Europe/Berlin] PHP Warning:  mysqli_connect(): (HY000/2002): No connection could be made because the target machine actively refused it.
 in C:\xampp\htdocs\wellness\server.php on line 15
[20-Feb-2023 09:21:08 Europe/Berlin] PHP Warning:  mysqli_connect(): (HY000/2002): No connection could be made because the target machine actively refused it.
 in C:\xampp\htdocs\wellness\newsfeed.php on line 195
[20-Feb-2023 09:21:12 Europe/Berlin] PHP Warning:  mysqli_connect(): (HY000/2002): No connection could be made because the target machine actively refused it.
 in C:\xampp\htdocs\wellness\newsfeed.php on line 264
[20-Feb-2023 09:21:12 Europe/Berlin] PHP Fatal error:  Uncaught Error: Call to undefined function mysql_error() in C:\xampp\htdocs\wellness\newsfeed.php:269
Stack trace:
#0 {main}
  thrown in C:\xampp\htdocs\wellness\newsfeed.php on line 269
[20-Feb-2023 09:21:28 Europe/Berlin] PHP Warning:  mysqli_connect(): (HY000/2002): No connection could be made because the target machine actively refused it.
 in C:\xampp\htdocs\wellness\server.php on line 15
[20-Feb-2023 09:21:32 Europe/Berlin] PHP Warning:  mysqli_connect(): (HY000/2002): No connection could be made because the target machine actively refused it.
 in C:\xampp\htdocs\wellness\newsfeed.php on line 195
[20-Feb-2023 09:21:37 Europe/Berlin] PHP Warning:  mysqli_connect(): (HY000/2002): No connection could be made because the target machine actively refused it.
 in C:\xampp\htdocs\wellness\newsfeed.php on line 264
[20-Feb-2023 09:21:37 Europe/Berlin] PHP Fatal error:  Uncaught Error: Call to undefined function mysql_error() in C:\xampp\htdocs\wellness\newsfeed.php:269
Stack trace:
#0 {main}
  thrown in C:\xampp\htdocs\wellness\newsfeed.php on line 269
[20-Feb-2023 09:21:58 Europe/Berlin] PHP Warning:  mysqli_connect(): (HY000/2002): No connection could be made because the target machine actively refused it.
 in C:\xampp\htdocs\wellness\server.php on line 15
[20-Feb-2023 09:22:02 Europe/Berlin] PHP Warning:  mysqli_connect(): (HY000/2002): No connection could be made because the target machine actively refused it.
 in C:\xampp\htdocs\wellness\newsfeed.php on line 195
[20-Feb-2023 09:22:07 Europe/Berlin] PHP Warning:  mysqli_connect(): (HY000/2002): No connection could be made because the target machine actively refused it.
 in C:\xampp\htdocs\wellness\newsfeed.php on line 264
[20-Feb-2023 09:22:07 Europe/Berlin] PHP Fatal error:  Uncaught Error: Call to undefined function mysql_error() in C:\xampp\htdocs\wellness\newsfeed.php:269
Stack trace:
#0 {main}
  thrown in C:\xampp\htdocs\wellness\newsfeed.php on line 269
[20-Feb-2023 09:22:20 Europe/Berlin] PHP Warning:  mysqli_connect(): (HY000/2002): No connection could be made because the target machine actively refused it.
 in C:\xampp\htdocs\wellness\server.php on line 15
[20-Feb-2023 09:22:52 Europe/Berlin] PHP Warning:  mysqli_connect(): (HY000/2002): No connection could be made because the target machine actively refused it.
 in C:\xampp\htdocs\wellness\server.php on line 15
[20-Feb-2023 09:23:17 Europe/Berlin] PHP Warning:  mysqli_connect(): (HY000/2002): No connection could be made because the target machine actively refused it.
 in C:\xampp\htdocs\wellness\server.php on line 15
[20-Feb-2023 09:23:34 Europe/Berlin] PHP Warning:  mysqli_connect(): (HY000/2002): No connection could be made because the target machine actively refused it.
 in C:\xampp\htdocs\wellness\server.php on line 15
[20-Feb-2023 09:23:48 Europe/Berlin] PHP Warning:  mysqli_connect(): (HY000/2002): No connection could be made because the target machine actively refused it.
 in C:\xampp\htdocs\wellness\server.php on line 15
[20-Feb-2023 09:27:57 Europe/Berlin] PHP Warning:  mysqli_connect(): (HY000/2002): No connection could be made because the target machine actively refused it.
 in C:\xampp\htdocs\wellness\server.php on line 15
[20-Feb-2023 09:32:14 Europe/Berlin] PHP Warning:  mysqli_connect(): (HY000/2002): No connection could be made because the target machine actively refused it.
 in C:\xampp\htdocs\wellness\server.php on line 15
[20-Feb-2023 09:32:38 Europe/Berlin] PHP Warning:  mysqli_connect(): (HY000/2002): No connection could be made because the target machine actively refused it.
 in C:\xampp\htdocs\wellness\server.php on line 15
[20-Feb-2023 09:33:56 Europe/Berlin] PHP Warning:  mysqli_connect(): (HY000/2002): No connection could be made because the target machine actively refused it.
 in C:\xampp\htdocs\wellness\server.php on line 15
[20-Feb-2023 09:34:06 Europe/Berlin] PHP Warning:  mysqli_connect(): (HY000/2002): No connection could be made because the target machine actively refused it.
 in C:\xampp\htdocs\wellness\server.php on line 15
[20-Feb-2023 16:55:23 Europe/Berlin] PHP Warning:  mysqli_connect(): (HY000/2002): No connection could be made because the target machine actively refused it.
 in C:\Users\Pranil\Downloads\aifitnessnewmain\wellnessnew\server.php on line 15
[20-Feb-2023 17:13:16 Europe/Berlin] PHP Warning:  mysqli_connect(): MySQL server has gone away in C:\xampp\htdocs\wellnessnew\server.php on line 15
[20-Feb-2023 17:13:16 Europe/Berlin] PHP Warning:  mysqli_connect(): Error while reading greeting packet. PID=6280 in C:\xampp\htdocs\wellnessnew\server.php on line 15
[20-Feb-2023 17:13:16 Europe/Berlin] PHP Warning:  mysqli_connect(): (HY000/2006): MySQL server has gone away in C:\xampp\htdocs\wellnessnew\server.php on line 15
[20-Feb-2023 17:37:39 Europe/Berlin] PHP Warning:  mysqli_connect(): (HY000/1049): Unknown database 'wellness' in C:\xampp\htdocs\wellnessnew\server.php on line 15
[21-Feb-2023 15:33:09 Europe/Berlin] PHP Warning:  mysqli_connect(): (HY000/2002): No connection could be made because the target machine actively refused it in C:\xampp\htdocs\wellnessnew\server.php on line 15
[21-Feb-2023 15:34:11 Europe/Berlin] PHP Warning:  mysqli_connect(): (HY000/2002): No connection could be made because the target machine actively refused it in C:\xampp\htdocs\wellnessnew\server.php on line 15
[22-Feb-2023 06:03:35 Europe/Berlin] PHP Warning:  mysqli_connect(): (HY000/2002): No connection could be made because the target machine actively refused it.
 in C:\xampp\htdocs\wellnessnew\server.php on line 15
[22-Feb-2023 06:03:39 Europe/Berlin] PHP Warning:  mysqli_connect(): (HY000/2002): No connection could be made because the target machine actively refused it.
 in C:\xampp\htdocs\wellnessnew\newsfeed.php on line 196
[22-Feb-2023 06:03:43 Europe/Berlin] PHP Warning:  mysqli_connect(): (HY000/2002): No connection could be made because the target machine actively refused it.
 in C:\xampp\htdocs\wellnessnew\newsfeed.php on line 265
[22-Feb-2023 06:03:43 Europe/Berlin] PHP Fatal error:  Uncaught Error: Call to undefined function mysql_error() in C:\xampp\htdocs\wellnessnew\newsfeed.php:270
Stack trace:
#0 {main}
  thrown in C:\xampp\htdocs\wellnessnew\newsfeed.php on line 270
